<?xml version="1.0" encoding="UTF-8"?>
<testsuite xmlns:xsi="http://www.w3.org/2001/XMLSchema-instance" xsi:noNamespaceSchemaLocation="https://maven.apache.org/surefire/maven-surefire-plugin/xsd/surefire-test-report-3.0.xsd" version="3.0" name="io.github.lucianodacunha.AppTest" time="0.014" tests="1" errors="0" skipped="0" failures="0">
  <properties>
    <property name="awt.toolkit" value="sun.awt.X11.XToolkit"/>
    <property name="java.specification.version" value="11"/>
    <property name="sun.cpu.isalist" value=""/>
    <property name="sun.jnu.encoding" value="UTF-8"/>
    <property name="java.class.path" value="/home/luciano/workspace/lucianodacunha/dio/code-update-tqi-java-kotlin/gerenciamento-de-dependencias-e-build-em-java-com-maven/project/quick-start-maven/target/test-classes:/home/luciano/workspace/lucianodacunha/dio/code-update-tqi-java-kotlin/gerenciamento-de-dependencias-e-build-em-java-com-maven/project/quick-start-maven/target/classes:/home/luciano/.m2/repository/junit/junit/3.8.1/junit-3.8.1.jar:/home/luciano/.m2/repository/com/github/javafaker/javafaker/1.0.2/javafaker-1.0.2.jar:/home/luciano/.m2/repository/org/apache/commons/commons-lang3/3.5/commons-lang3-3.5.jar:/home/luciano/.m2/repository/org/yaml/snakeyaml/1.23/snakeyaml-1.23-android.jar:/home/luciano/.m2/repository/com/github/mifmif/generex/1.0.2/generex-1.0.2.jar:/home/luciano/.m2/repository/dk/brics/automaton/automaton/1.11-8/automaton-1.11-8.jar:"/>
    <property name="java.vm.vendor" value="Azul Systems, Inc."/>
    <property name="sun.arch.data.model" value="64"/>
    <property name="java.vendor.url" value="http://www.azul.com/"/>
    <property name="user.timezone" value=""/>
    <property name="java.vm.specification.version" value="11"/>
    <property name="os.name" value="Linux"/>
    <property name="sun.java.launcher" value="SUN_STANDARD"/>
    <property name="user.country" value="BR"/>
    <property name="sun.boot.library.path" value="/home/luciano/.sdkman/candidates/java/11.0.18-zulu/lib"/>
    <property name="sun.java.command" value="/home/luciano/workspace/lucianodacunha/dio/code-update-tqi-java-kotlin/gerenciamento-de-dependencias-e-build-em-java-com-maven/project/quick-start-maven/target/surefire/surefirebooter-20231004210703081_3.jar /home/luciano/workspace/lucianodacunha/dio/code-update-tqi-java-kotlin/gerenciamento-de-dependencias-e-build-em-java-com-maven/project/quick-start-maven/target/surefire 2023-10-04T21-07-03_004-jvmRun1 surefire-20231004210703081_1tmp surefire_0-20231004210703081_2tmp"/>
    <property name="jdk.debug" value="release"/>
    <property name="surefire.test.class.path" value="/home/luciano/workspace/lucianodacunha/dio/code-update-tqi-java-kotlin/gerenciamento-de-dependencias-e-build-em-java-com-maven/project/quick-start-maven/target/test-classes:/home/luciano/workspace/lucianodacunha/dio/code-update-tqi-java-kotlin/gerenciamento-de-dependencias-e-build-em-java-com-maven/project/quick-start-maven/target/classes:/home/luciano/.m2/repository/junit/junit/3.8.1/junit-3.8.1.jar:/home/luciano/.m2/repository/com/github/javafaker/javafaker/1.0.2/javafaker-1.0.2.jar:/home/luciano/.m2/repository/org/apache/commons/commons-lang3/3.5/commons-lang3-3.5.jar:/home/luciano/.m2/repository/org/yaml/snakeyaml/1.23/snakeyaml-1.23-android.jar:/home/luciano/.m2/repository/com/github/mifmif/generex/1.0.2/generex-1.0.2.jar:/home/luciano/.m2/repository/dk/brics/automaton/automaton/1.11-8/automaton-1.11-8.jar:"/>
    <property name="sun.cpu.endian" value="little"/>
    <property name="user.home" value="/home/luciano"/>
    <property name="user.language" value="pt"/>
    <property name="java.specification.vendor" value="Oracle Corporation"/>
    <property name="java.version.date" value="2023-01-17"/>
    <property name="java.home" value="/home/luciano/.sdkman/candidates/java/11.0.18-zulu"/>
    <property name="file.separator" value="/"/>
    <property name="basedir" value="/home/luciano/workspace/lucianodacunha/dio/code-update-tqi-java-kotlin/gerenciamento-de-dependencias-e-build-em-java-com-maven/project/quick-start-maven"/>
    <property name="java.vm.compressedOopsMode" value="Zero based"/>
    <property name="line.separator" value="&#10;"/>
    <property name="java.specification.name" value="Java Platform API Specification"/>
    <property name="java.vm.specification.vendor" value="Oracle Corporation"/>
    <property name="jdk.vendor.version" value="Zulu11.62+17-CA"/>
    <property name="java.awt.graphicsenv" value="sun.awt.X11GraphicsEnvironment"/>
    <property name="surefire.real.class.path" value="/home/luciano/workspace/lucianodacunha/dio/code-update-tqi-java-kotlin/gerenciamento-de-dependencias-e-build-em-java-com-maven/project/quick-start-maven/target/surefire/surefirebooter-20231004210703081_3.jar"/>
    <property name="sun.management.compiler" value="HotSpot 64-Bit Tiered Compilers"/>
    <property name="java.runtime.version" value="11.0.18+10-LTS"/>
    <property name="user.name" value="luciano"/>
    <property name="path.separator" value=":"/>
    <property name="os.version" value="5.10.0-23-amd64"/>
    <property name="java.runtime.name" value="OpenJDK Runtime Environment"/>
    <property name="file.encoding" value="UTF-8"/>
    <property name="java.vm.name" value="OpenJDK 64-Bit Server VM"/>
    <property name="java.vendor.version" value="Zulu11.62+17-CA"/>
    <property name="localRepository" value="/home/luciano/.m2/repository"/>
    <property name="java.vendor.url.bug" value="http://www.azul.com/support/"/>
    <property name="java.io.tmpdir" value="/tmp"/>
    <property name="java.version" value="11.0.18"/>
    <property name="user.dir" value="/home/luciano/workspace/lucianodacunha/dio/code-update-tqi-java-kotlin/gerenciamento-de-dependencias-e-build-em-java-com-maven/project/quick-start-maven"/>
    <property name="os.arch" value="amd64"/>
    <property name="java.vm.specification.name" value="Java Virtual Machine Specification"/>
    <property name="java.awt.printerjob" value="sun.print.PSPrinterJob"/>
    <property name="sun.os.patch.level" value="unknown"/>
    <property name="java.library.path" value="/usr/java/packages/lib:/usr/lib64:/lib64:/lib:/usr/lib"/>
    <property name="java.vm.info" value="mixed mode"/>
    <property name="java.vendor" value="Azul Systems, Inc."/>
    <property name="java.vm.version" value="11.0.18+10-LTS"/>
    <property name="sun.io.unicode.encoding" value="UnicodeLittle"/>
    <property name="java.class.version" value="55.0"/>
  </properties>
  <testcase name="testApp" classname="io.github.lucianodacunha.AppTest" time="0.001"/>
</testsuite>